This is pdfTeX, Version 3.1415926-1.40.10 (MiKTeX 2.8) (preloaded format=pdflatex 2009.12.1)  11 DEC 2009 21:55
entering extended mode
**D:/Users/seliv/Desktop/постановка/гибридные*системы/primer.tex
("D:/Users/seliv/Desktop/постановка/гибридные системы/primer.tex"
LaTeX2e <2009/09/24>
Babel <v3.8l> and hyphenation patterns for english, dumylang, nohyphenation, ru
ssian, loaded.
! Undefined control sequence.
l.2 \section
            {Пример}
The control sequence at the end of the top line
of your error message was never \def'ed. If you have
misspelled it (e.g., `\hobx'), type `I' and the correct
spelling (e.g., `I\hbox'). Otherwise just continue,
and I'll forget about whatever was undefined.


! LaTeX Error: Missing \begin{document}.

See the LaTeX manual or LaTeX Companion for explanation.
Type  H <return>  for immediate help.
 ...                                              
                                                  
l.2 \section{П
              ример}
You're in trouble here.  Try typing  <return>  to proceed.
If that doesn't work, type  X <return>  to quit.

Missing character: There is no П in font nullfont!
Missing character: There is no р in font nullfont!
Missing character: There is no и in font nullfont!
Missing character: There is no м in font nullfont!
Missing character: There is no е in font nullfont!
Missing character: There is no р in font nullfont!

Overfull \hbox (20.0pt too wide) in paragraph at lines 2--3
[] 
 []


! LaTeX Error: Missing \begin{document}.

See the LaTeX manual or LaTeX Companion for explanation.
Type  H <return>  for immediate help.
 ...                                              
                                                  
l.4 З
     аданы системы дифференциальных уравнений, описывающих состояние некотор...

You're in trouble here.  Try typing  <return>  to proceed.
If that doesn't work, type  X <return>  to quit.

Missing character: There is no З in font nullfont!
Missing character: There is no а in font nullfont!
Missing character: There is no д in font nullfont!
Missing character: There is no а in font nullfont!
Missing character: There is no н in font nullfont!
Missing character: There is no ы in font nullfont!
Missing character: There is no с in font nullfont!
Missing character: There is no и in font nullfont!
Missing character: There is no с in font nullfont!
Missing character: There is no т in font nullfont!
Missing character: There is no е in font nullfont!
Missing character: There is no м in font nullfont!
Missing character: There is no ы in font nullfont!
Missing character: There is no д in font nullfont!
Missing character: There is no и in font nullfont!
Missing character: There is no ф in font nullfont!
Missing character: There is no ф in font nullfont!
Missing character: There is no е in font nullfont!
Missing character: There is no р in font nullfont!
Missing character: There is no е in font nullfont!
Missing character: There is no н in font nullfont!
Missing character: There is no ц in font nullfont!
Missing character: There is no и in font nullfont!
Missing character: There is no а in font nullfont!
Missing character: There is no л in font nullfont!
Missing character: There is no ь in font nullfont!
Missing character: There is no н in font nullfont!
Missing character: There is no ы in font nullfont!
Missing character: There is no х in font nullfont!
Missing character: There is no у in font nullfont!
Missing character: There is no р in font nullfont!
Missing character: There is no а in font nullfont!
Missing character: There is no в in font nullfont!
Missing character: There is no н in font nullfont!
Missing character: There is no е in font nullfont!
Missing character: There is no н in font nullfont!
Missing character: There is no и in font nullfont!
Missing character: There is no й in font nullfont!
Missing character: There is no , in font nullfont!
Missing character: There is no о in font nullfont!
Missing character: There is no п in font nullfont!
Missing character: There is no и in font nullfont!
Missing character: There is no с in font nullfont!
Missing character: There is no ы in font nullfont!
Missing character: There is no в in font nullfont!
Missing character: There is no а in font nullfont!
Missing character: There is no ю in font nullfont!
Missing character: There is no щ in font nullfont!
Missing character: There is no и in font nullfont!
Missing character: There is no х in font nullfont!
Missing character: There is no с in font nullfont!
Missing character: There is no о in font nullfont!
Missing character: There is no с in font nullfont!
Missing character: There is no т in font nullfont!
Missing character: There is no о in font nullfont!
Missing character: There is no я in font nullfont!
Missing character: There is no н in font nullfont!
Missing character: There is no и in font nullfont!
Missing character: There is no е in font nullfont!
Missing character: There is no н in font nullfont!
Missing character: There is no е in font nullfont!
Missing character: There is no к in font nullfont!
Missing character: There is no о in font nullfont!
Missing character: There is no т in font nullfont!
Missing character: There is no о in font nullfont!
Missing character: There is no р in font nullfont!
Missing character: There is no о in font nullfont!
Missing character: There is no й in font nullfont!
Missing character: There is no м in font nullfont!
Missing character: There is no о in font nullfont!
Missing character: There is no д in font nullfont!
Missing character: There is no е in font nullfont!
Missing character: There is no л in font nullfont!
Missing character: There is no и in font nullfont!
Missing character: There is no д in font nullfont!
Missing character: There is no о in font nullfont!
Missing character: There is no п in font nullfont!
Missing character: There is no е in font nullfont!
Missing character: There is no р in font nullfont!
Missing character: There is no е in font nullfont!
Missing character: There is no к in font nullfont!
Missing character: There is no л in font nullfont!
Missing character: There is no ю in font nullfont!
Missing character: There is no ч in font nullfont!
Missing character: There is no е in font nullfont!
Missing character: There is no н in font nullfont!
Missing character: There is no и in font nullfont!
Missing character: There is no я in font nullfont!
Missing character: There is no и in font nullfont!
Missing character: There is no п in font nullfont!
Missing character: There is no о in font nullfont!
Missing character: There is no с in font nullfont!
Missing character: There is no л in font nullfont!
Missing character: There is no е in font nullfont!
Missing character: There is no : in font nullfont!

Overfull \hbox (20.0pt too wide) in paragraph at lines 4--5
[]
 []

LaTeX Font Info:    External font `cmex10' loaded for size
(Font)              <7> on input line 5.
LaTeX Font Info:    External font `cmex10' loaded for size
(Font)              <5> on input line 5.

! LaTeX Error: Environment aligned undefined.

See the LaTeX manual or LaTeX Companion for explanation.
Type  H <return>  for immediate help.
 ...                                              
                                                  
l.7 \begin{aligned}
                   
Your command was ignored.
Type  I <command> <return>  to replace it with another command,
or  <return>  to continue without it.

! Misplaced alignment tab character &.
l.9 			&
        \left[
I can't figure out why you would want to use a tab mark
here. If you just want an ampersand, the remedy is
simple: Just type `I\&' now. But if some right brace
up above has ended a previous alignment prematurely,
you're probably due for more error messages, and you
might try typing `S' now just to see what is salvageable.


! LaTeX Error: Environment aligned undefined.

See the LaTeX manual or LaTeX Companion for explanation.
Type  H <return>  for immediate help.
 ...                                              
                                                  
l.10 			\begin{aligned}
                       
Your command was ignored.
Type  I <command> <return>  to replace it with another command,
or  <return>  to continue without it.

! Misplaced alignment tab character &.
l.11 			    &
             \left\{
I can't figure out why you would want to use a tab mark
here. If you just want an ampersand, the remedy is
simple: Just type `I\&' now. But if some right brace
up above has ended a previous alignment prematurely,
you're probably due for more error messages, and you
might try typing `S' now just to see what is salvageable.


! LaTeX Error: Environment aligned undefined.

See the LaTeX manual or LaTeX Companion for explanation.
Type  H <return>  for immediate help.
 ...                                              
                                                  
l.12 					    \begin{aligned}
                             
Your command was ignored.
Type  I <command> <return>  to replace it with another command,
or  <return>  to continue without it.

! Misplaced alignment tab character &.
l.13 					        &
                   \dot x_1^{(1)} = x_2^{(1)}+v^{(1)}(t);\\
I can't figure out why you would want to use a tab mark
here. If you just want an ampersand, the remedy is
simple: Just type `I\&' now. But if some right brace
up above has ended a previous alignment prematurely,
you're probably due for more error messages, and you
might try typing `S' now just to see what is salvageable.

! Misplaced alignment tab character &.
<recently read> &
                 
l.14 					        &
                   \dot x_2^{(1)} = u^{(1)}(t);\\
I can't figure out why you would want to use a tab mark
here. If you just want an ampersand, the remedy is
simple: Just type `I\&' now. But if some right brace
up above has ended a previous alignment prematurely,
you're probably due for more error messages, and you
might try typing `S' now just to see what is salvageable.

! Misplaced alignment tab character &.
<recently read> &
                 
l.15 					        &
                   x(t_0)\in\mathcal{X}_0=\{x\in \mathbb{R}^2:(x_1-2)^2+(x_2...
I can't figure out why you would want to use a tab mark
here. If you just want an ampersand, the remedy is
simple: Just type `I\&' now. But if some right brace
up above has ended a previous alignment prematurely,
you're probably due for more error messages, and you
might try typing `S' now just to see what is salvageable.

! Undefined control sequence.
l.15 ...    &x(t_0)\in\mathcal{X}_0=\{x\in \mathbb
                                                  {R}^2:(x_1-2)^2+(x_2-1)^2\...
The control sequence at the end of the top line
of your error message was never \def'ed. If you have
misspelled it (e.g., `\hobx'), type `I' and the correct
spelling (e.g., `I\hbox'). Otherwise just continue,
and I'll forget about whatever was undefined.

! Undefined control sequence.
l.15 ... \mathbb{R}^2:(x_1-2)^2+(x_2-1)^2\leqslant
                                                  1\};\\
The control sequence at the end of the top line
of your error message was never \def'ed. If you have
misspelled it (e.g., `\hobx'), type `I' and the correct
spelling (e.g., `I\hbox'). Otherwise just continue,
and I'll forget about whatever was undefined.


! LaTeX Error: \begin{equation} on input line 5 ended by \end{aligned}.

See the LaTeX manual or LaTeX Companion for explanation.
Type  H <return>  for immediate help.
 ...                                              
                                                  
l.16 					    \end{aligned}
                           
Your command was ignored.
Type  I <command> <return>  to replace it with another command,
or  <return>  to continue without it.

! Misplaced alignment tab character &.
<recently read> &
                 
l.19 			    &
             \left\{
I can't figure out why you would want to use a tab mark
here. If you just want an ampersand, the remedy is
simple: Just type `I\&' now. But if some right brace
up above has ended a previous alignment prematurely,
you're probably due for more error messages, and you
might try typing `S' now just to see what is salvageable.


! LaTeX Error: Environment aligned undefined.

See the LaTeX manual or LaTeX Companion for explanation.
Type  H <return>  for immediate help.
 ...                                              
                                                  
l.20 					    \begin{aligned}
                             
Your command was ignored.
Type  I <command> <return>  to replace it with another command,
or  <return>  to continue without it.

! Misplaced alignment tab character &.
l.21 					        &
                   \dot x_1^{(2)} = x_2^{(2)}+v^{(2)}(t);\\
I can't figure out why you would want to use a tab mark
here. If you just want an ampersand, the remedy is
simple: Just type `I\&' now. But if some right brace
up above has ended a previous alignment prematurely,
you're probably due for more error messages, and you
might try typing `S' now just to see what is salvageable.

! Misplaced alignment tab character &.
<recently read> &
                 
l.22 					        &
                   \dot x_2^{(2)} = -\gamma x_1 -\mu x_2 + u^{(2)}(t);\\
I can't figure out why you would want to use a tab mark
here. If you just want an ampersand, the remedy is
simple: Just type `I\&' now. But if some right brace
up above has ended a previous alignment prematurely,
you're probably due for more error messages, and you
might try typing `S' now just to see what is salvageable.

! Misplaced alignment tab character &.
<recently read> &
                 
l.23 					        &
                   x(\tau)\in\mathcal{X}^{(1)}[\tau,t_0]\cap\mathcal{H},\tau...
I can't figure out why you would want to use a tab mark
here. If you just want an ampersand, the remedy is
simple: Just type `I\&' now. But if some right brace
up above has ended a previous alignment prematurely,
you're probably due for more error messages, and you
might try typing `S' now just to see what is salvageable.

! Undefined control sequence.
l.23 ...1)}[\tau,t_0]\cap\mathcal{H},\tau\leqslant
                                                   t\leqslant t_1;
The control sequence at the end of the top line
of your error message was never \def'ed. If you have
misspelled it (e.g., `\hobx'), type `I' and the correct
spelling (e.g., `I\hbox'). Otherwise just continue,
and I'll forget about whatever was undefined.

! Undefined control sequence.
l.23 ...0]\cap\mathcal{H},\tau\leqslant t\leqslant
                                                   t_1;
The control sequence at the end of the top line
of your error message was never \def'ed. If you have
misspelled it (e.g., `\hobx'), type `I' and the correct
spelling (e.g., `I\hbox'). Otherwise just continue,
and I'll forget about whatever was undefined.


! LaTeX Error: \begin{equation} on input line 5 ended by \end{aligned}.

See the LaTeX manual or LaTeX Companion for explanation.
Type  H <return>  for immediate help.
 ...                                              
                                                  
l.24 					    \end{aligned}
                           
Your command was ignored.
Type  I <command> <return>  to replace it with another command,
or  <return>  to continue without it.


! LaTeX Error: \begin{equation} on input line 5 ended by \end{aligned}.

See the LaTeX manual or LaTeX Companion for explanation.
Type  H <return>  for immediate help.
 ...                                              
                                                  
l.26 			\end{aligned}
                     
Your command was ignored.
Type  I <command> <return>  to replace it with another command,
or  <return>  to continue without it.

! Misplaced alignment tab character &.
<recently read> &
                 
l.29 			&
         \mathcal{H}=\{x\in \mathbb{R}^2: x_1=0\}\mbox{--- гиперплоскость};\\
I can't figure out why you would want to use a tab mark
here. If you just want an ampersand, the remedy is
simple: Just type `I\&' now. But if some right brace
up above has ended a previous alignment prematurely,
you're probably due for more error messages, and you
might try typing `S' now just to see what is salvageable.

! Undefined control sequence.
l.29 			&\mathcal{H}=\{x\in \mathbb
                                   {R}^2: x_1=0\}\mbox{--- гиперплоскость};\\
The control sequence at the end of the top line
of your error message was never \def'ed. If you have
misspelled it (e.g., `\hobx'), type `I' and the correct
spelling (e.g., `I\hbox'). Otherwise just continue,
and I'll forget about whatever was undefined.

Missing character: There is no - in font nullfont!
Missing character: There is no - in font nullfont!
Missing character: There is no - in font nullfont!
Missing character: There is no г in font nullfont!
Missing character: There is no и in font nullfont!
Missing character: There is no п in font nullfont!
Missing character: There is no е in font nullfont!
Missing character: There is no р in font nullfont!
Missing character: There is no п in font nullfont!
Missing character: There is no л in font nullfont!
Missing character: There is no о in font nullfont!
Missing character: There is no с in font nullfont!
Missing character: There is no к in font nullfont!
Missing character: There is no о in font nullfont!
Missing character: There is no с in font nullfont!
Missing character: There is no т in font nullfont!
Missing character: There is no ь in font nullfont!
! Misplaced alignment tab character &.
<recently read> &
                 
l.30 			&
         u(\cdot)\in[-\alpha_1,\alpha_2]=\mathcal{P}[t_0,t_1],\;v(\cdot)\in[...
I can't figure out why you would want to use a tab mark
here. If you just want an ampersand, the remedy is
simple: Just type `I\&' now. But if some right brace
up above has ended a previous alignment prematurely,
you're probably due for more error messages, and you
might try typing `S' now just to see what is salvageable.

! Misplaced alignment tab character &.
<recently read> &
                 
l.31 			&
         \gamma,\mu,\alpha_1,\alpha_2,\beta_1,\beta_2 > 0\mbox{--- некоторые...
I can't figure out why you would want to use a tab mark
here. If you just want an ampersand, the remedy is
simple: Just type `I\&' now. But if some right brace
up above has ended a previous alignment prematurely,
you're probably due for more error messages, and you
might try typing `S' now just to see what is salvageable.

Missing character: There is no - in font nullfont!
Missing character: There is no - in font nullfont!
Missing character: There is no - in font nullfont!
Missing character: There is no н in font nullfont!
Missing character: There is no е in font nullfont!
Missing character: There is no к in font nullfont!
Missing character: There is no о in font nullfont!
Missing character: There is no т in font nullfont!
Missing character: There is no о in font nullfont!
Missing character: There is no р in font nullfont!
Missing character: There is no ы in font nullfont!
Missing character: There is no е in font nullfont!
Missing character: There is no к in font nullfont!
Missing character: There is no о in font nullfont!
Missing character: There is no н in font nullfont!
Missing character: There is no с in font nullfont!
Missing character: There is no т in font nullfont!
Missing character: There is no а in font nullfont!
Missing character: There is no н in font nullfont!
Missing character: There is no т in font nullfont!
Missing character: There is no ы in font nullfont!
! Misplaced alignment tab character &.
<recently read> &
                 
l.32 			&
         \tau \mbox{ --- момент  переключения, при пересечении гиперплоскост...
I can't figure out why you would want to use a tab mark
here. If you just want an ampersand, the remedy is
simple: Just type `I\&' now. But if some right brace
up above has ended a previous alignment prematurely,
you're probably due for more error messages, and you
might try typing `S' now just to see what is salvageable.

Missing character: There is no - in font nullfont!
Missing character: There is no - in font nullfont!
Missing character: There is no - in font nullfont!
Missing character: There is no м in font nullfont!
Missing character: There is no о in font nullfont!
Missing character: There is no м in font nullfont!
Missing character: There is no е in font nullfont!
Missing character: There is no н in font nullfont!
Missing character: There is no т in font nullfont!
Missing character: There is no п in font nullfont!
Missing character: There is no е in font nullfont!
Missing character: There is no р in font nullfont!
Missing character: There is no е in font nullfont!
Missing character: There is no к in font nullfont!
Missing character: There is no л in font nullfont!
Missing character: There is no ю in font nullfont!
Missing character: There is no ч in font nullfont!
Missing character: There is no е in font nullfont!
Missing character: There is no н in font nullfont!
Missing character: There is no и in font nullfont!
Missing character: There is no я in font nullfont!
Missing character: There is no , in font nullfont!
Missing character: There is no п in font nullfont!
Missing character: There is no р in font nullfont!
Missing character: There is no и in font nullfont!
Missing character: There is no п in font nullfont!
Missing character: There is no е in font nullfont!
Missing character: There is no р in font nullfont!
Missing character: There is no е in font nullfont!
Missing character: There is no с in font nullfont!
Missing character: There is no е in font nullfont!
Missing character: There is no ч in font nullfont!
Missing character: There is no е in font nullfont!
Missing character: There is no н in font nullfont!
Missing character: There is no и in font nullfont!
Missing character: There is no и in font nullfont!
Missing character: There is no г in font nullfont!
Missing character: There is no и in font nullfont!
Missing character: There is no п in font nullfont!
Missing character: There is no е in font nullfont!
Missing character: There is no р in font nullfont!
Missing character: There is no п in font nullfont!
Missing character: There is no л in font nullfont!
Missing character: There is no о in font nullfont!
Missing character: There is no с in font nullfont!
Missing character: There is no к in font nullfont!
Missing character: There is no о in font nullfont!
Missing character: There is no с in font nullfont!
Missing character: There is no т in font nullfont!
Missing character: There is no и in font nullfont!

! LaTeX Error: \begin{equation} on input line 5 ended by \end{aligned}.

See the LaTeX manual or LaTeX Companion for explanation.
Type  H <return>  for immediate help.
 ...                                              
                                                  
l.33 \end{aligned}
                  
Your command was ignored.
Type  I <command> <return>  to replace it with another command,
or  <return>  to continue without it.


Overfull \hbox (1185.33313pt too wide) detected at line 36
[][]
 []


! LaTeX Error: Missing \begin{document}.

See the LaTeX manual or LaTeX Companion for explanation.
Type  H <return>  for immediate help.
 ...                                              
                                                  
l.39 Д
      ля поиска множества $\mathcal{X}[t,t_0]$ будем использовать функцию цены
You're in trouble here.  Try typing  <return>  to proceed.
If that doesn't work, type  X <return>  to quit.

Missing character: There is no Д in font nullfont!
Missing character: There is no л in font nullfont!
Missing character: There is no я in font nullfont!
Missing character: There is no п in font nullfont!
Missing character: There is no о in font nullfont!
Missing character: There is no и in font nullfont!
Missing character: There is no с in font nullfont!
Missing character: There is no к in font nullfont!
Missing character: There is no а in font nullfont!
Missing character: There is no м in font nullfont!
Missing character: There is no н in font nullfont!
Missing character: There is no о in font nullfont!
Missing character: There is no ж in font nullfont!
Missing character: There is no е in font nullfont!
Missing character: There is no с in font nullfont!
Missing character: There is no т in font nullfont!
Missing character: There is no в in font nullfont!
Missing character: There is no а in font nullfont!
Missing character: There is no б in font nullfont!
Missing character: There is no у in font nullfont!
Missing character: There is no д in font nullfont!
Missing character: There is no е in font nullfont!
Missing character: There is no м in font nullfont!
Missing character: There is no и in font nullfont!
Missing character: There is no с in font nullfont!
Missing character: There is no п in font nullfont!
Missing character: There is no о in font nullfont!
Missing character: There is no л in font nullfont!
Missing character: There is no ь in font nullfont!
Missing character: There is no з in font nullfont!
Missing character: There is no о in font nullfont!
Missing character: There is no в in font nullfont!
Missing character: There is no а in font nullfont!
Missing character: There is no т in font nullfont!
Missing character: There is no ь in font nullfont!
Missing character: There is no ф in font nullfont!
Missing character: There is no у in font nullfont!
Missing character: There is no н in font nullfont!
Missing character: There is no к in font nullfont!
Missing character: There is no ц in font nullfont!
Missing character: There is no и in font nullfont!
Missing character: There is no ю in font nullfont!
Missing character: There is no ц in font nullfont!
Missing character: There is no е in font nullfont!
Missing character: There is no н in font nullfont!
Missing character: There is no ы in font nullfont!

Overfull \hbox (20.0pt too wide) in paragraph at lines 39--40
[]
 []


Overfull \hbox (30.30559pt too wide) in paragraph at lines 39--40
\OMS/cmsy/m/n/10 X\OT1/cmr/m/n/10 [\OML/cmm/m/it/10 t; t[]\OT1/cmr/m/n/10 ]$
 []


Overfull \hbox (155.81697pt too wide) detected at line 43
\OML/cmm/m/it/10 V\OT1/cmr/m/n/10 (\OML/cmm/m/it/10 t; x\OT1/cmr/m/n/10 ) = [] 
[] \OML/cmm/m/it/10 d[]\OT1/cmr/m/n/10 (\OML/cmm/m/it/10 x[]; \OMS/cmsy/m/n/10 
X[]\OT1/cmr/m/n/10 ) \OMS/cmsy/m/n/10 j[]
 []


! LaTeX Error: Missing \begin{document}.

See the LaTeX manual or LaTeX Companion for explanation.
Type  H <return>  for immediate help.
 ...                                              
                                                  
l.45 г
      де $d(x_0,\mathcal{X}_0)$ - расстояние между точкой $x_0$ и множеством...

You're in trouble here.  Try typing  <return>  to proceed.
If that doesn't work, type  X <return>  to quit.

Missing character: There is no г in font nullfont!
Missing character: There is no д in font nullfont!
Missing character: There is no е in font nullfont!
Missing character: There is no - in font nullfont!
Missing character: There is no р in font nullfont!
Missing character: There is no а in font nullfont!
Missing character: There is no с in font nullfont!
Missing character: There is no с in font nullfont!
Missing character: There is no т in font nullfont!
Missing character: There is no о in font nullfont!
Missing character: There is no я in font nullfont!
Missing character: There is no н in font nullfont!
Missing character: There is no и in font nullfont!
Missing character: There is no е in font nullfont!
Missing character: There is no м in font nullfont!
Missing character: There is no е in font nullfont!
Missing character: There is no ж in font nullfont!
Missing character: There is no д in font nullfont!
Missing character: There is no у in font nullfont!
Missing character: There is no т in font nullfont!
Missing character: There is no о in font nullfont!
Missing character: There is no ч in font nullfont!
Missing character: There is no к in font nullfont!
Missing character: There is no о in font nullfont!
Missing character: There is no й in font nullfont!
Missing character: There is no и in font nullfont!
Missing character: There is no м in font nullfont!
Missing character: There is no н in font nullfont!
Missing character: There is no о in font nullfont!
Missing character: There is no ж in font nullfont!
Missing character: There is no е in font nullfont!
Missing character: There is no с in font nullfont!
Missing character: There is no т in font nullfont!
Missing character: There is no в in font nullfont!
Missing character: There is no о in font nullfont!
Missing character: There is no м in font nullfont!
Missing character: There is no , in font nullfont!
Missing character: There is no о in font nullfont!
Missing character: There is no п in font nullfont!
Missing character: There is no р in font nullfont!
Missing character: There is no е in font nullfont!
Missing character: There is no д in font nullfont!
Missing character: There is no е in font nullfont!
Missing character: There is no л in font nullfont!
Missing character: There is no я in font nullfont!
Missing character: There is no е in font nullfont!
Missing character: There is no м in font nullfont!
Missing character: There is no о in font nullfont!
Missing character: There is no е in font nullfont!
Missing character: There is no м in font nullfont!
Missing character: There is no е in font nullfont!
Missing character: There is no т in font nullfont!
Missing character: There is no р in font nullfont!
Missing character: There is no и in font nullfont!
Missing character: There is no к in font nullfont!
Missing character: There is no о in font nullfont!
Missing character: There is no й in font nullfont!
Missing character: There is no . in font nullfont!

Overfull \hbox (20.0pt too wide) in paragraph at lines 45--47
[]
 []


Overfull \hbox (39.24757pt too wide) in paragraph at lines 45--47
\OML/cmm/m/it/10 d\OT1/cmr/m/n/10 (\OML/cmm/m/it/10 x[]; \OMS/cmsy/m/n/10 X[]\O
T1/cmr/m/n/10 )$
 []


Overfull \hbox (10.2014pt too wide) in paragraph at lines 45--47
\OML/cmm/m/it/10 x[]$
 []


Overfull \hbox (11.6191pt too wide) in paragraph at lines 45--47
\OMS/cmsy/m/n/10 X[]$
 []


Overfull \hbox (42.2951pt too wide) in paragraph at lines 45--47
\OML/cmm/m/it/10 d\OT1/cmr/m/n/10 (\OML/cmm/m/it/10 x; \OMS/cmsy/m/n/10 X\OT1/c
mr/m/n/10 ) =
 []


Overfull \hbox (53.77905pt too wide) in paragraph at lines 45--47
[][] \OMS/cmsy/m/n/10 k\OML/cmm/m/it/10 x \OMS/cmsy/m/n/10  
 []


Overfull \hbox (14.74774pt too wide) in paragraph at lines 45--47
\OML/cmm/m/it/10 y\OMS/cmsy/m/n/10 k[]$ 
 []


! LaTeX Error: Missing \begin{document}.

See the LaTeX manual or LaTeX Companion for explanation.
Type  H <return>  for immediate help.
 ...                                              
                                                  
l.48 П
      усть $\phi(x)=d^2(x_0,\mathcal{X}_0)$, сопряженная к ней:
You're in trouble here.  Try typing  <return>  to proceed.
If that doesn't work, type  X <return>  to quit.

Missing character: There is no П in font nullfont!
Missing character: There is no у in font nullfont!
Missing character: There is no с in font nullfont!
Missing character: There is no т in font nullfont!
Missing character: There is no ь in font nullfont!
Missing character: There is no , in font nullfont!
Missing character: There is no с in font nullfont!
Missing character: There is no о in font nullfont!
Missing character: There is no п in font nullfont!
Missing character: There is no р in font nullfont!
Missing character: There is no я in font nullfont!
Missing character: There is no ж in font nullfont!
Missing character: There is no е in font nullfont!
Missing character: There is no н in font nullfont!
Missing character: There is no н in font nullfont!
Missing character: There is no а in font nullfont!
Missing character: There is no я in font nullfont!
Missing character: There is no к in font nullfont!
Missing character: There is no н in font nullfont!
Missing character: There is no е in font nullfont!
Missing character: There is no й in font nullfont!
Missing character: There is no : in font nullfont!

Overfull \hbox (20.0pt too wide) in paragraph at lines 48--49
[]
 []


Overfull \hbox (30.00693pt too wide) in paragraph at lines 48--49
\OML/cmm/m/it/10 \OT1/cmr/m/n/10 (\OML/cmm/m/it/10 x\OT1/cmr/m/n/10 ) =
 []


Overfull \hbox (43.7337pt too wide) in paragraph at lines 48--49
\OML/cmm/m/it/10 d[]\OT1/cmr/m/n/10 (\OML/cmm/m/it/10 x[]; \OMS/cmsy/m/n/10 X[]
\OT1/cmr/m/n/10 )$
 []

! Undefined control sequence.
l.50 \phi^{*}(\ell)=\sup_{x}( \ts
                                 {x,\ell} -  d^2(x,\mathcal{X}_0)) = \rho(\e...
The control sequence at the end of the top line
of your error message was never \def'ed. If you have
misspelled it (e.g., `\hobx'), type `I' and the correct
spelling (e.g., `I\hbox'). Otherwise just continue,
and I'll forget about whatever was undefined.


Overfull \hbox (202.02701pt too wide) detected at line 51
\OML/cmm/m/it/10 []\OT1/cmr/m/n/10 (\OML/cmm/m/it/10 `\OT1/cmr/m/n/10 ) = []([
] \OMS/cmsy/m/n/10   \OML/cmm/m/it/10 d[]\OT1/cmr/m/n/10 (\OML/cmm/m/it/10 x; \
OMS/cmsy/m/n/10 X[]\OT1/cmr/m/n/10 )) = \OML/cmm/m/it/10 \OT1/cmr/m/n/10 (\OML
/cmm/m/it/10 ` \OMS/cmsy/m/n/10 j X[]\OT1/cmr/m/n/10 ) + []\OML/cmm/m/it/10 ;
 []


! LaTeX Error: Missing \begin{document}.

See the LaTeX manual or LaTeX Companion for explanation.
Type  H <return>  for immediate help.
 ...                                              
                                                  
l.53 т
      огда
You're in trouble here.  Try typing  <return>  to proceed.
If that doesn't work, type  X <return>  to quit.

Missing character: There is no т in font nullfont!
Missing character: There is no о in font nullfont!
Missing character: There is no г in font nullfont!
Missing character: There is no д in font nullfont!
Missing character: There is no а in font nullfont!

Overfull \hbox (20.0pt too wide) in paragraph at lines 53--54
[] 
 []


! LaTeX Error: Missing \begin{document}.

See the LaTeX manual or LaTeX Companion for explanation.
Type  H <return>  for immediate help.
 ...                                              
                                                  
l.55 \begin{equation}
                     
You're in trouble here.  Try typing  <return>  to proceed.
If that doesn't work, type  X <return>  to quit.


Overfull \hbox (20.0pt too wide) in paragraph at lines 55--55
[] 
 []

! Undefined control sequence.
l.57 ...\cdot)}\max_{v(\cdot)}\sup_{\ell}\left(\ts
                                                  {\ell,x_0} - \rho(\ell\mid...
The control sequence at the end of the top line
of your error message was never \def'ed. If you have
misspelled it (e.g., `\hobx'), type `I' and the correct
spelling (e.g., `I\hbox'). Otherwise just continue,
and I'll forget about whatever was undefined.


Overfull \hbox (218.814pt too wide) detected at line 58
[]\OML/cmm/m/it/10 V\OT1/cmr/m/n/10 (\OML/cmm/m/it/10 t; x\OT1/cmr/m/n/10 ) = [
] [] [] [] \OML/cmm/m/it/10 :
 []


! LaTeX Error: Missing \begin{document}.

See the LaTeX manual or LaTeX Companion for explanation.
Type  H <return>  for immediate help.
 ...                                              
                                                  
l.80 Н
      айдем условия для поиска $x_0\mid_{x(t_1)=x}$.
You're in trouble here.  Try typing  <return>  to proceed.
If that doesn't work, type  X <return>  to quit.

Missing character: There is no Н in font nullfont!
Missing character: There is no а in font nullfont!
Missing character: There is no й in font nullfont!
Missing character: There is no д in font nullfont!
Missing character: There is no е in font nullfont!
Missing character: There is no м in font nullfont!
Missing character: There is no у in font nullfont!
Missing character: There is no с in font nullfont!
Missing character: There is no л in font nullfont!
Missing character: There is no о in font nullfont!
Missing character: There is no в in font nullfont!
Missing character: There is no и in font nullfont!
Missing character: There is no я in font nullfont!
Missing character: There is no д in font nullfont!
Missing character: There is no л in font nullfont!
Missing character: There is no я in font nullfont!
Missing character: There is no п in font nullfont!
Missing character: There is no о in font nullfont!
Missing character: There is no и in font nullfont!
Missing character: There is no с in font nullfont!
Missing character: There is no к in font nullfont!
Missing character: There is no а in font nullfont!
Missing character: There is no . in font nullfont!
Missing character: There is no П in font nullfont!
Missing character: There is no у in font nullfont!
Missing character: There is no с in font nullfont!
Missing character: There is no т in font nullfont!
Missing character: There is no ь in font nullfont!
Missing character: There is no т in font nullfont!
Missing character: There is no р in font nullfont!
Missing character: There is no а in font nullfont!
Missing character: There is no е in font nullfont!
Missing character: There is no к in font nullfont!
Missing character: There is no т in font nullfont!
Missing character: There is no о in font nullfont!
Missing character: There is no р in font nullfont!
Missing character: There is no и in font nullfont!
Missing character: There is no я in font nullfont!
Missing character: There is no т in font nullfont!
Missing character: There is no о in font nullfont!
Missing character: There is no ч in font nullfont!
Missing character: There is no к in font nullfont!
Missing character: There is no и in font nullfont!
Missing character: There is no в in font nullfont!
Missing character: There is no м in font nullfont!
Missing character: There is no о in font nullfont!
Missing character: There is no м in font nullfont!
Missing character: There is no е in font nullfont!
Missing character: There is no н in font nullfont!
Missing character: There is no т in font nullfont!
Missing character: There is no и in font nullfont!
Missing character: There is no з in font nullfont!
Missing character: There is no в in font nullfont!
Missing character: There is no е in font nullfont!
Missing character: There is no с in font nullfont!
Missing character: There is no т in font nullfont!
Missing character: There is no н in font nullfont!
Missing character: There is no а in font nullfont!
Missing character: There is no . in font nullfont!
Missing character: There is no И in font nullfont!
Missing character: There is no д in font nullfont!
Missing character: There is no я in font nullfont!
Missing character: There is no в in font nullfont!
Missing character: There is no о in font nullfont!
Missing character: There is no б in font nullfont!
Missing character: There is no р in font nullfont!
Missing character: There is no а in font nullfont!
Missing character: There is no т in font nullfont!
Missing character: There is no н in font nullfont!
Missing character: There is no о in font nullfont!
Missing character: There is no м in font nullfont!
Missing character: There is no в in font nullfont!
Missing character: There is no р in font nullfont!
Missing character: There is no е in font nullfont!
Missing character: There is no м in font nullfont!
Missing character: There is no е in font nullfont!
Missing character: There is no н in font nullfont!
Missing character: There is no и in font nullfont!
Missing character: There is no , in font nullfont!
Missing character: There is no н in font nullfont!
Missing character: There is no а in font nullfont!
Missing character: There is no й in font nullfont!
Missing character: There is no д in font nullfont!
Missing character: There is no е in font nullfont!
Missing character: There is no м in font nullfont!
Missing character: There is no е in font nullfont!
Missing character: There is no ё in font nullfont!
Missing character: There is no з in font nullfont!
Missing character: There is no н in font nullfont!
Missing character: There is no а in font nullfont!
Missing character: There is no ч in font nullfont!
Missing character: There is no е in font nullfont!
Missing character: There is no н in font nullfont!
Missing character: There is no и in font nullfont!
Missing character: There is no е in font nullfont!
Missing character: There is no в in font nullfont!
Missing character: There is no м in font nullfont!
Missing character: There is no о in font nullfont!
Missing character: There is no м in font nullfont!
Missing character: There is no е in font nullfont!
Missing character: There is no н in font nullfont!
Missing character: There is no т in font nullfont!
! Undefined control sequence.
l.82 ...и, найдем её значение в момент $t\leqslant
                                                   t_1$ при известных $B(s),...
The control sequence at the end of the top line
of your error message was never \def'ed. If you have
misspelled it (e.g., `\hobx'), type `I' and the correct
spelling (e.g., `I\hbox'). Otherwise just continue,
and I'll forget about whatever was undefined.

Missing character: There is no п in font nullfont!
Missing character: There is no р in font nullfont!
Missing character: There is no и in font nullfont!
Missing character: There is no и in font nullfont!
Missing character: There is no з in font nullfont!
Missing character: There is no в in font nullfont!
Missing character: There is no е in font nullfont!
Missing character: There is no с in font nullfont!
Missing character: There is no т in font nullfont!
Missing character: There is no н in font nullfont!
Missing character: There is no ы in font nullfont!
Missing character: There is no х in font nullfont!
Missing character: There is no д in font nullfont!
Missing character: There is no о in font nullfont!
Missing character: There is no п in font nullfont!
Missing character: There is no е in font nullfont!
Missing character: There is no р in font nullfont!
Missing character: There is no е in font nullfont!
Missing character: There is no к in font nullfont!
Missing character: There is no л in font nullfont!
Missing character: There is no ю in font nullfont!
Missing character: There is no ч in font nullfont!
Missing character: There is no е in font nullfont!
Missing character: There is no н in font nullfont!
Missing character: There is no и in font nullfont!
Missing character: There is no я in font nullfont!
Missing character: There is no : in font nullfont!

Overfull \hbox (20.0pt too wide) in paragraph at lines 80--83
[]
 []


Overfull \hbox (44.63898pt too wide) in paragraph at lines 80--83
\OML/cmm/m/it/10 x[] \OMS/cmsy/m/n/10 j[]$
 []


Overfull \hbox (8.09724pt too wide) in paragraph at lines 80--83
\OML/cmm/m/it/10 t[]$
 []


Overfull \hbox (32.14583pt too wide) in paragraph at lines 80--83
\OML/cmm/m/it/10 x\OT1/cmr/m/n/10 (\OML/cmm/m/it/10 t[]\OT1/cmr/m/n/10 ) =
 []


Overfull \hbox (5.71527pt too wide) in paragraph at lines 80--83
\OML/cmm/m/it/10 x$
 []


Overfull \hbox (11.70836pt too wide) in paragraph at lines 80--83
\OML/cmm/m/it/10 tt[]$
 []


Overfull \hbox (90.07433pt too wide) in paragraph at lines 80--83
\OML/cmm/m/it/10 B\OT1/cmr/m/n/10 (\OML/cmm/m/it/10 s\OT1/cmr/m/n/10 )\OML/cmm/
m/it/10 ; C\OT1/cmr/m/n/10 (\OML/cmm/m/it/10 s\OT1/cmr/m/n/10 )\OML/cmm/m/it/10
 ; u\OT1/cmr/m/n/10 (\OML/cmm/m/it/10 s\OT1/cmr/m/n/10 )\OML/cmm/m/it/10 ; v\OT
1/cmr/m/n/10 (\OML/cmm/m/it/10 s\OT1/cmr/m/n/10 )$
 []

Missing character: There is no п in font nullfont!
Missing character: There is no р in font nullfont!
Missing character: There is no и in font nullfont!
! Undefined control sequence.
l.84 ...v_2(s)\right]ds,\mbox{при}\, \tau\leqslant
                                                   t \leqslant t_1,
The control sequence at the end of the top line
of your error message was never \def'ed. If you have
misspelled it (e.g., `\hobx'), type `I' and the correct
spelling (e.g., `I\hbox'). Otherwise just continue,
and I'll forget about whatever was undefined.

! Undefined control sequence.
l.84 ...]ds,\mbox{при}\, \tau\leqslant t \leqslant
                                                   t_1,
The control sequence at the end of the top line
of your error message was never \def'ed. If you have
misspelled it (e.g., `\hobx'), type `I' and the correct
spelling (e.g., `I\hbox'). Otherwise just continue,
and I'll forget about whatever was undefined.


Overfull \hbox (315.67484pt too wide) detected at line 85
\OML/cmm/m/it/10 x[]\OT1/cmr/m/n/10 (\OML/cmm/m/it/10 t; x; u; v\OT1/cmr/m/n/10
 ) = \OML/cmm/m/it/10 G[]\OT1/cmr/m/n/10 (\OML/cmm/m/it/10 t; t[]\OT1/cmr/m/n/1
0 )\OML/cmm/m/it/10 x \OT1/cmr/m/n/10 + [] \OML/cmm/m/it/10 G[]\OT1/cmr/m/n/10 
(\OML/cmm/m/it/10 t; s\OT1/cmr/m/n/10 ) [] \OML/cmm/m/it/10 ds; [] tt[];
 []

Missing character: There is no и in font nullfont!
Missing character: There is no п in font nullfont!
Missing character: There is no о in font nullfont!
Missing character: There is no с in font nullfont!
Missing character: There is no л in font nullfont!
Missing character: There is no е in font nullfont!
Missing character: There is no : in font nullfont!

! LaTeX Error: Environment aligned undefined.

See the LaTeX manual or LaTeX Companion for explanation.
Type  H <return>  for immediate help.
 ...                                              
                                                  
l.89 \begin{aligned}
                    
Your command was ignored.
Type  I <command> <return>  to replace it with another command,
or  <return>  to continue without it.

! Misplaced alignment tab character &.
l.90 x^{(2,1)}(t,\tau,x,u,v)=&
                              G_1(t,\tau)G_2(\tau,t_1)x+G_1(t,\tau)\int\limi...
I can't figure out why you would want to use a tab mark
here. If you just want an ampersand, the remedy is
simple: Just type `I\&' now. But if some right brace
up above has ended a previous alignment prematurely,
you're probably due for more error messages, and you
might try typing `S' now just to see what is salvageable.

! Misplaced alignment tab character &.
<recently read> &
                 
l.91 &
      +\int\limits_{\tau}^{t_0} G_1(t,s)\left[B_1(s)u_1(s)+C_1(s)v_1(s)\righ...
I can't figure out why you would want to use a tab mark
here. If you just want an ampersand, the remedy is
simple: Just type `I\&' now. But if some right brace
up above has ended a previous alignment prematurely,
you're probably due for more error messages, and you
might try typing `S' now just to see what is salvageable.

Missing character: There is no п in font nullfont!
Missing character: There is no р in font nullfont!
Missing character: There is no и in font nullfont!
! Undefined control sequence.
l.91 ...s)\right]ds\,,\;\mbox{при}\, t_0 \leqslant
                                                   t \leqslant \tau.
The control sequence at the end of the top line
of your error message was never \def'ed. If you have
misspelled it (e.g., `\hobx'), type `I' and the correct
spelling (e.g., `I\hbox'). Otherwise just continue,
and I'll forget about whatever was undefined.

! Undefined control sequence.
l.91 ...,,\;\mbox{при}\, t_0 \leqslant t \leqslant
                                                   \tau.
The control sequence at the end of the top line
of your error message was never \def'ed. If you have
misspelled it (e.g., `\hobx'), type `I' and the correct
spelling (e.g., `I\hbox'). Otherwise just continue,
and I'll forget about whatever was undefined.


! LaTeX Error: \begin{equation} on input line 87 ended by \end{aligned}.

See the LaTeX manual or LaTeX Companion for explanation.
Type  H <return>  for immediate help.
 ...                                              
                                                  
l.92 \end{aligned}
                  
Your command was ignored.
Type  I <command> <return>  to replace it with another command,
or  <return>  to continue without it.


Overfull \hbox (589.89621pt too wide) detected at line 93
[]\OML/cmm/m/it/10 x[]\OT1/cmr/m/n/10 (\OML/cmm/m/it/10 t; ; x; u; v\OT1/cmr/m
/n/10 ) = \OML/cmm/m/it/10 G[]\OT1/cmr/m/n/10 (\OML/cmm/m/it/10 t; \OT1/cmr/m/
n/10 )\OML/cmm/m/it/10 G[]\OT1/cmr/m/n/10 (\OML/cmm/m/it/10 ; t[]\OT1/cmr/m/n/
10 )\OML/cmm/m/it/10 x \OT1/cmr/m/n/10 + \OML/cmm/m/it/10 G[]\OT1/cmr/m/n/10 (\
OML/cmm/m/it/10 t; \OT1/cmr/m/n/10 ) [] \OML/cmm/m/it/10 G[]\OT1/cmr/m/n/10 (\
OML/cmm/m/it/10 t; s\OT1/cmr/m/n/10 ) [] \OML/cmm/m/it/10 ds \OT1/cmr/m/n/10 + 
[]  + [] \OML/cmm/m/it/10 G[]\OT1/cmr/m/n/10 (\OML/cmm/m/it/10 t; s\OT1/cmr/m/n
/10 ) [] \OML/cmm/m/it/10 ds ;  [] t[]t:
 []


! LaTeX Error: Missing \begin{document}.

See the LaTeX manual or LaTeX Companion for explanation.
Type  H <return>  for immediate help.
 ...                                              
                                                  
l.95 Н
      ам необходимо, чтобы эти выражения удовлетворяли условию пересечения, ...

You're in trouble here.  Try typing  <return>  to proceed.
If that doesn't work, type  X <return>  to quit.

Missing character: There is no Н in font nullfont!
Missing character: There is no а in font nullfont!
Missing character: There is no м in font nullfont!
Missing character: There is no н in font nullfont!
Missing character: There is no е in font nullfont!
Missing character: There is no о in font nullfont!
Missing character: There is no б in font nullfont!
Missing character: There is no х in font nullfont!
Missing character: There is no о in font nullfont!
Missing character: There is no д in font nullfont!
Missing character: There is no и in font nullfont!
Missing character: There is no м in font nullfont!
Missing character: There is no о in font nullfont!
Missing character: There is no , in font nullfont!
Missing character: There is no ч in font nullfont!
Missing character: There is no т in font nullfont!
Missing character: There is no о in font nullfont!
Missing character: There is no б in font nullfont!
Missing character: There is no ы in font nullfont!
Missing character: There is no э in font nullfont!
Missing character: There is no т in font nullfont!
Missing character: There is no и in font nullfont!
Missing character: There is no в in font nullfont!
Missing character: There is no ы in font nullfont!
Missing character: There is no р in font nullfont!
Missing character: There is no а in font nullfont!
Missing character: There is no ж in font nullfont!
Missing character: There is no е in font nullfont!
Missing character: There is no н in font nullfont!
Missing character: There is no и in font nullfont!
Missing character: There is no я in font nullfont!
Missing character: There is no у in font nullfont!
Missing character: There is no д in font nullfont!
Missing character: There is no о in font nullfont!
Missing character: There is no в in font nullfont!
Missing character: There is no л in font nullfont!
Missing character: There is no е in font nullfont!
Missing character: There is no т in font nullfont!
Missing character: There is no в in font nullfont!
Missing character: There is no о in font nullfont!
Missing character: There is no р in font nullfont!
Missing character: There is no я in font nullfont!
Missing character: There is no л in font nullfont!
Missing character: There is no и in font nullfont!
Missing character: There is no у in font nullfont!
Missing character: There is no с in font nullfont!
Missing character: There is no л in font nullfont!
Missing character: There is no о in font nullfont!
Missing character: There is no в in font nullfont!
Missing character: There is no и in font nullfont!
Missing character: There is no ю in font nullfont!
Missing character: There is no п in font nullfont!
Missing character: There is no е in font nullfont!
Missing character: There is no р in font nullfont!
Missing character: There is no е in font nullfont!
Missing character: There is no с in font nullfont!
Missing character: There is no е in font nullfont!
Missing character: There is no ч in font nullfont!
Missing character: There is no е in font nullfont!
Missing character: There is no н in font nullfont!
Missing character: There is no и in font nullfont!
Missing character: There is no я in font nullfont!
Missing character: There is no , in font nullfont!
Missing character: There is no т in font nullfont!
Missing character: There is no а in font nullfont!
Missing character: There is no к in font nullfont!
Missing character: There is no ч in font nullfont!
Missing character: There is no т in font nullfont!
Missing character: There is no о in font nullfont!
Missing character: There is no б in font nullfont!
Missing character: There is no ы in font nullfont!
! Undefined control sequence.
<recently read> \ts 
                    
l.95 ...воряли условию пересечения, так чтобы $\ts
                                                  {x(\tau),c}=\gamma$.
The control sequence at the end of the top line
of your error message was never \def'ed. If you have
misspelled it (e.g., `\hobx'), type `I' and the correct
spelling (e.g., `I\hbox'). Otherwise just continue,
and I'll forget about whatever was undefined.

Missing character: There is no . in font nullfont!
Missing character: There is no П in font nullfont!
Missing character: There is no о in font nullfont!
Missing character: There is no с in font nullfont!
Missing character: There is no к in font nullfont!
Missing character: There is no о in font nullfont!
Missing character: There is no л in font nullfont!
Missing character: There is no ь in font nullfont!
Missing character: There is no к in font nullfont!
Missing character: There is no у in font nullfont!
! Undefined control sequence.
l.96 ...\mathcal{X}[t,t_0]=\{x\mid V(t,x)\leqslant
                                                   0\}, \forall t\in[t_0,t_1...
The control sequence at the end of the top line
of your error message was never \def'ed. If you have
misspelled it (e.g., `\hobx'), type `I' and the correct
spelling (e.g., `I\hbox'). Otherwise just continue,
and I'll forget about whatever was undefined.

Missing character: There is no , in font nullfont!
Missing character: There is no т in font nullfont!
Missing character: There is no о in font nullfont!
Missing character: There is no с in font nullfont!
Missing character: There is no п in font nullfont!
Missing character: There is no о in font nullfont!
Missing character: There is no м in font nullfont!
Missing character: There is no о in font nullfont!
Missing character: There is no щ in font nullfont!
Missing character: There is no ь in font nullfont!
Missing character: There is no ю in font nullfont!
Missing character: There is no ш in font nullfont!
Missing character: There is no т in font nullfont!
Missing character: There is no р in font nullfont!
Missing character: There is no а in font nullfont!
Missing character: There is no ф in font nullfont!
Missing character: There is no н in font nullfont!
Missing character: There is no о in font nullfont!
Missing character: There is no й in font nullfont!
Missing character: There is no ф in font nullfont!
Missing character: There is no у in font nullfont!
Missing character: There is no н in font nullfont!
Missing character: There is no к in font nullfont!
Missing character: There is no ц in font nullfont!
Missing character: There is no и in font nullfont!
Missing character: There is no и in font nullfont!
Missing character: There is no в in font nullfont!
Missing character: There is no н in font nullfont!
Missing character: There is no е in font nullfont!
Missing character: There is no с in font nullfont!
Missing character: There is no е in font nullfont!
Missing character: There is no м in font nullfont!
Missing character: There is no у in font nullfont!
Missing character: There is no с in font nullfont!
Missing character: There is no л in font nullfont!
Missing character: There is no о in font nullfont!
Missing character: There is no в in font nullfont!
Missing character: There is no и in font nullfont!
Missing character: There is no е in font nullfont!
! Undefined control sequence.
l.96 ...трафной функции внесем условие $ \left(\ts
                                                  {x(\tau),c}-\gamma\right)^...
The control sequence at the end of the top line
of your error message was never \def'ed. If you have
misspelled it (e.g., `\hobx'), type `I' and the correct
spelling (e.g., `I\hbox'). Otherwise just continue,
and I'll forget about whatever was undefined.

Missing character: There is no в in font nullfont!
Missing character: There is no в in font nullfont!
Missing character: There is no ы in font nullfont!
Missing character: There is no р in font nullfont!
Missing character: There is no а in font nullfont!
Missing character: There is no ж in font nullfont!
Missing character: There is no е in font nullfont!
Missing character: There is no н in font nullfont!
Missing character: There is no и in font nullfont!
Missing character: There is no е in font nullfont!
Missing character: There is no д in font nullfont!
Missing character: There is no л in font nullfont!
Missing character: There is no я in font nullfont!
Missing character: There is no , in font nullfont!
Missing character: There is no о in font nullfont!
Missing character: There is no б in font nullfont!
Missing character: There is no е in font nullfont!
Missing character: There is no с in font nullfont!
Missing character: There is no п in font nullfont!
Missing character: There is no е in font nullfont!
Missing character: There is no ч in font nullfont!
Missing character: There is no и in font nullfont!
Missing character: There is no в in font nullfont!
Missing character: There is no а in font nullfont!
Missing character: There is no я in font nullfont!
Missing character: There is no т in font nullfont!
Missing character: There is no е in font nullfont!
Missing character: There is no м in font nullfont!
Missing character: There is no с in font nullfont!
Missing character: There is no а in font nullfont!
Missing character: There is no м in font nullfont!
Missing character: There is no ы in font nullfont!
Missing character: There is no м in font nullfont!
Missing character: There is no д in font nullfont!
Missing character: There is no л in font nullfont!
Missing character: There is no я in font nullfont!
Missing character: There is no в in font nullfont!
Missing character: There is no к in font nullfont!
Missing character: There is no л in font nullfont!
Missing character: There is no ю in font nullfont!
Missing character: There is no ч in font nullfont!
Missing character: There is no е in font nullfont!
Missing character: There is no н in font nullfont!
Missing character: There is no и in font nullfont!
Missing character: There is no е in font nullfont!
Missing character: There is no т in font nullfont!
Missing character: There is no о in font nullfont!
Missing character: There is no л in font nullfont!
Missing character: There is no ь in font nullfont!
Missing character: There is no к in font nullfont!
Missing character: There is no о in font nullfont!
Missing character: There is no т in font nullfont!
Missing character: There is no е in font nullfont!
Missing character: There is no х in font nullfont!
Missing character: There is no т in font nullfont!
Missing character: There is no р in font nullfont!
Missing character: There is no а in font nullfont!
Missing character: There is no е in font nullfont!
Missing character: There is no к in font nullfont!
Missing character: There is no т in font nullfont!
Missing character: There is no о in font nullfont!
Missing character: There is no р in font nullfont!
Missing character: There is no и in font nullfont!
Missing character: There is no й in font nullfont!
Missing character: There is no , in font nullfont!
Missing character: There is no к in font nullfont!
Missing character: There is no о in font nullfont!
Missing character: There is no т in font nullfont!
Missing character: There is no о in font nullfont!
Missing character: There is no р in font nullfont!
Missing character: There is no ы in font nullfont!
Missing character: There is no е in font nullfont!
Missing character: There is no у in font nullfont!
Missing character: There is no д in font nullfont!
Missing character: There is no о in font nullfont!
Missing character: There is no в in font nullfont!
Missing character: There is no л in font nullfont!
Missing character: There is no е in font nullfont!
Missing character: There is no т in font nullfont!
Missing character: There is no в in font nullfont!
Missing character: There is no о in font nullfont!
Missing character: There is no р in font nullfont!
Missing character: There is no я in font nullfont!
Missing character: There is no ю in font nullfont!
Missing character: There is no т in font nullfont!
Missing character: There is no н in font nullfont!
Missing character: There is no а in font nullfont!
Missing character: There is no ш in font nullfont!
Missing character: There is no и in font nullfont!
Missing character: There is no м in font nullfont!
Missing character: There is no д in font nullfont!
Missing character: There is no в in font nullfont!
Missing character: There is no у in font nullfont!
Missing character: There is no м in font nullfont!
Missing character: There is no с in font nullfont!
Missing character: There is no и in font nullfont!
Missing character: There is no с in font nullfont!
Missing character: There is no т in font nullfont!
Missing character: There is no е in font nullfont!
Missing character: There is no м in font nullfont!
Missing character: There is no а in font nullfont!
Missing character: There is no м in font nullfont!
Missing character: There is no и in font nullfont!
Missing character: There is no у in font nullfont!
Missing character: There is no с in font nullfont!
Missing character: There is no л in font nullfont!
Missing character: There is no о in font nullfont!
Missing character: There is no в in font nullfont!
Missing character: There is no и in font nullfont!
Missing character: There is no ю in font nullfont!
Missing character: There is no н in font nullfont!
Missing character: There is no а in font nullfont!
Missing character: There is no м in font nullfont!
Missing character: There is no о in font nullfont!
Missing character: There is no м in font nullfont!
Missing character: There is no е in font nullfont!
Missing character: There is no н in font nullfont!
Missing character: There is no т in font nullfont!
Missing character: There is no п in font nullfont!
Missing character: There is no е in font nullfont!
Missing character: There is no р in font nullfont!
Missing character: There is no е in font nullfont!
Missing character: There is no к in font nullfont!
Missing character: There is no л in font nullfont!
Missing character: There is no ю in font nullfont!
Missing character: There is no ч in font nullfont!
Missing character: There is no е in font nullfont!
Missing character: There is no н in font nullfont!
Missing character: There is no и in font nullfont!
Missing character: There is no я in font nullfont!
Missing character: There is no . in font nullfont!

Overfull \hbox (20.0pt too wide) in paragraph at lines 95--98
[]
 []


Overfull \hbox (38.32404pt too wide) in paragraph at lines 95--98
[] \OT1/cmr/m/n/10 =
 []


Overfull \hbox (5.73285pt too wide) in paragraph at lines 95--98
\OML/cmm/m/it/10 $
 []


Overfull \hbox (40.8611pt too wide) in paragraph at lines 95--98
\OMS/cmsy/m/n/10 X\OT1/cmr/m/n/10 [\OML/cmm/m/it/10 t; t[]\OT1/cmr/m/n/10 ] =
 []


Overfull \hbox (16.27078pt too wide) in paragraph at lines 95--98
\OMS/cmsy/m/n/10 f\OML/cmm/m/it/10 x \OMS/cmsy/m/n/10 j
 []


Overfull \hbox (62.65968pt too wide) in paragraph at lines 95--98
\OML/cmm/m/it/10 V\OT1/cmr/m/n/10 (\OML/cmm/m/it/10 t; x\OT1/cmr/m/n/10 )0\OMS/
cmsy/m/n/10 g\OML/cmm/m/it/10 ; \OMS/cmsy/m/n/10 8\OML/cmm/m/it/10 t \OMS/cmsy/
m/n/10 2
 []


Overfull \hbox (26.19447pt too wide) in paragraph at lines 95--98
\OT1/cmr/m/n/10 [\OML/cmm/m/it/10 t[]; t[]\OT1/cmr/m/n/10 ]$
 []


Overfull \hbox (57.98744pt too wide) in paragraph at lines 95--98
[][]$
 []


Overfull \hbox (29.60416pt too wide) in paragraph at lines 95--98
\OML/cmm/m/it/10 V\OT1/cmr/m/n/10 (\OML/cmm/m/it/10 t; x\OT1/cmr/m/n/10 )$
 []


Overfull \hbox (30.30559pt too wide) in paragraph at lines 95--98
\OMS/cmsy/m/n/10 X\OT1/cmr/m/n/10 [\OML/cmm/m/it/10 t; t[]\OT1/cmr/m/n/10 ]$
 []

! Undefined control sequence.
l.99 ...{\mid_{x(t)=x}},\mathcal{X}_0) + \left(\ts
                                                  {x(\tau),c}-\gamma\right)^...
The control sequence at the end of the top line
of your error message was never \def'ed. If you have
misspelled it (e.g., `\hobx'), type `I' and the correct
spelling (e.g., `I\hbox'). Otherwise just continue,
and I'll forget about whatever was undefined.


Overfull \hbox (326.81383pt too wide) detected at line 101
\OML/cmm/m/it/10 V\OT1/cmr/m/n/10 (\OML/cmm/m/it/10 t; x\OT1/cmr/m/n/10 ) = [] 
[] [] [] [] [] \OML/cmm/m/it/10 :
 []


! LaTeX Error: Missing \begin{document}.

See the LaTeX manual or LaTeX Companion for explanation.
Type  H <return>  for immediate help.
 ...                                              
                                                  
l.103 П
       ока примем $\gamma=0$. Для линеаризации условия на переключение сдела...

You're in trouble here.  Try typing  <return>  to proceed.
If that doesn't work, type  X <return>  to quit.

Missing character: There is no П in font nullfont!
Missing character: There is no о in font nullfont!
Missing character: There is no к in font nullfont!
Missing character: There is no а in font nullfont!
Missing character: There is no п in font nullfont!
Missing character: There is no р in font nullfont!
Missing character: There is no и in font nullfont!
Missing character: There is no м in font nullfont!
Missing character: There is no е in font nullfont!
Missing character: There is no м in font nullfont!
Missing character: There is no . in font nullfont!
Missing character: There is no Д in font nullfont!
Missing character: There is no л in font nullfont!
Missing character: There is no я in font nullfont!
Missing character: There is no л in font nullfont!
Missing character: There is no и in font nullfont!
Missing character: There is no н in font nullfont!
Missing character: There is no е in font nullfont!
Missing character: There is no а in font nullfont!
Missing character: There is no р in font nullfont!
Missing character: There is no и in font nullfont!
Missing character: There is no з in font nullfont!
Missing character: There is no а in font nullfont!
Missing character: There is no ц in font nullfont!
Missing character: There is no и in font nullfont!
Missing character: There is no и in font nullfont!
Missing character: There is no у in font nullfont!
Missing character: There is no с in font nullfont!
Missing character: There is no л in font nullfont!
Missing character: There is no о in font nullfont!
Missing character: There is no в in font nullfont!
Missing character: There is no и in font nullfont!
Missing character: There is no я in font nullfont!
Missing character: There is no н in font nullfont!
Missing character: There is no а in font nullfont!
Missing character: There is no п in font nullfont!
Missing character: There is no е in font nullfont!
Missing character: There is no р in font nullfont!
Missing character: There is no е in font nullfont!
Missing character: There is no к in font nullfont!
Missing character: There is no л in font nullfont!
Missing character: There is no ю in font nullfont!
Missing character: There is no ч in font nullfont!
Missing character: There is no е in font nullfont!
Missing character: There is no н in font nullfont!
Missing character: There is no и in font nullfont!
Missing character: There is no е in font nullfont!
Missing character: There is no с in font nullfont!
Missing character: There is no д in font nullfont!
Missing character: There is no е in font nullfont!
Missing character: There is no л in font nullfont!
Missing character: There is no а in font nullfont!
Missing character: There is no е in font nullfont!
Missing character: There is no м in font nullfont!
Missing character: There is no п in font nullfont!
Missing character: There is no о in font nullfont!
Missing character: There is no д in font nullfont!
Missing character: There is no с in font nullfont!
Missing character: There is no т in font nullfont!
Missing character: There is no а in font nullfont!
Missing character: There is no н in font nullfont!
Missing character: There is no о in font nullfont!
Missing character: There is no в in font nullfont!
Missing character: There is no к in font nullfont!
Missing character: There is no у in font nullfont!

Overfull \hbox (20.0pt too wide) in paragraph at lines 103--104
[]
 []


Overfull \hbox (16.28836pt too wide) in paragraph at lines 103--104
\OML/cmm/m/it/10  \OT1/cmr/m/n/10 =
 []


Overfull \hbox (5.00002pt too wide) in paragraph at lines 103--104
\OT1/cmr/m/n/10 0$
 []

! Undefined control sequence.
l.105 \ts
         {x(\tau),c}^2\equiv\max_\mu \left\{\mu \ts{x(\tau),c} - \frac{\mu^2...
The control sequence at the end of the top line
of your error message was never \def'ed. If you have
misspelled it (e.g., `\hobx'), type `I' and the correct
spelling (e.g., `I\hbox'). Otherwise just continue,
and I'll forget about whatever was undefined.

! Undefined control sequence.
l.105 ...x(\tau),c}^2\equiv\max_\mu \left\{\mu \ts
                                                  {x(\tau),c} - \frac{\mu^2}...
The control sequence at the end of the top line
of your error message was never \def'ed. If you have
misspelled it (e.g., `\hobx'), type `I' and the correct
spelling (e.g., `I\hbox'). Otherwise just continue,
and I'll forget about whatever was undefined.


Overfull \hbox (144.23787pt too wide) detected at line 106
[][] \OMS/cmsy/m/n/10  [] [] \OML/cmm/m/it/10 ;
 []

Missing character: There is no и in font nullfont!
Missing character: There is no , in font nullfont!
Missing character: There is no и in font nullfont!
Missing character: There is no с in font nullfont!
Missing character: There is no п in font nullfont!
Missing character: There is no о in font nullfont!
Missing character: There is no л in font nullfont!
Missing character: There is no ь in font nullfont!
Missing character: There is no з in font nullfont!
Missing character: There is no у in font nullfont!
Missing character: There is no я in font nullfont!
! Undefined control sequence.
l.107 и, используя \eqref
                         {eq:valued2}, имеем
The control sequence at the end of the top line
of your error message was never \def'ed. If you have
misspelled it (e.g., `\hobx'), type `I' and the correct
spelling (e.g., `I\hbox'). Otherwise just continue,
and I'll forget about whatever was undefined.

Missing character: There is no e in font nullfont!
Missing character: There is no q in font nullfont!
Missing character: There is no : in font nullfont!
Missing character: There is no v in font nullfont!
Missing character: There is no a in font nullfont!
Missing character: There is no l in font nullfont!
Missing character: There is no u in font nullfont!
Missing character: There is no e in font nullfont!
Missing character: There is no d in font nullfont!
Missing character: There is no 2 in font nullfont!
Missing character: There is no , in font nullfont!
Missing character: There is no и in font nullfont!
Missing character: There is no м in font nullfont!
Missing character: There is no е in font nullfont!
Missing character: There is no е in font nullfont!
Missing character: There is no м in font nullfont!
! Undefined control sequence.
l.110 \max_{\ell}\max_{\mu} \left\{\ts
                                      {\ell,x_0\mid_{x(t)=x}} +\mu\ts{x(\tau...
The control sequence at the end of the top line
of your error message was never \def'ed. If you have
misspelled it (e.g., `\hobx'), type `I' and the correct
spelling (e.g., `I\hbox'). Otherwise just continue,
and I'll forget about whatever was undefined.

! Undefined control sequence.
l.110 ...\left\{\ts{\ell,x_0\mid_{x(t)=x}} +\mu\ts
                                                  {x(\tau),c}-\frac{\mu^2}{4...
The control sequence at the end of the top line
of your error message was never \def'ed. If you have
misspelled it (e.g., `\hobx'), type `I' and the correct
spelling (e.g., `I\hbox'). Otherwise just continue,
and I'll forget about whatever was undefined.


Overfull \hbox (443.73036pt too wide) detected at line 112
\OML/cmm/m/it/10 V\OT1/cmr/m/n/10 (\OML/cmm/m/it/10 t; x\OT1/cmr/m/n/10 ) = [] 
[] [] [] [] []
 []


! LaTeX Error: Missing \begin{document}.

See the LaTeX manual or LaTeX Companion for explanation.
Type  H <return>  for immediate help.
 ...                                              
                                                  
l.114 Р
       аскрывая \eqref{eq:solvex0}, получим
You're in trouble here.  Try typing  <return>  to proceed.
If that doesn't work, type  X <return>  to quit.

Missing character: There is no Р in font nullfont!
Missing character: There is no а in font nullfont!
Missing character: There is no с in font nullfont!
Missing character: There is no к in font nullfont!
Missing character: There is no р in font nullfont!
Missing character: There is no ы in font nullfont!
Missing character: There is no в in font nullfont!
Missing character: There is no а in font nullfont!
Missing character: There is no я in font nullfont!
! Undefined control sequence.
l.114 Раскрывая \eqref
                      {eq:solvex0}, получим
The control sequence at the end of the top line
of your error message was never \def'ed. If you have
misspelled it (e.g., `\hobx'), type `I' and the correct
spelling (e.g., `I\hbox'). Otherwise just continue,
and I'll forget about whatever was undefined.

Missing character: There is no e in font nullfont!
Missing character: There is no q in font nullfont!
Missing character: There is no : in font nullfont!
Missing character: There is no s in font nullfont!
Missing character: There is no o in font nullfont!
Missing character: There is no l in font nullfont!
Missing character: There is no v in font nullfont!
Missing character: There is no e in font nullfont!
Missing character: There is no x in font nullfont!
Missing character: There is no 0 in font nullfont!
Missing character: There is no , in font nullfont!
Missing character: There is no п in font nullfont!
Missing character: There is no о in font nullfont!
Missing character: There is no л in font nullfont!
Missing character: There is no у in font nullfont!
Missing character: There is no ч in font nullfont!
Missing character: There is no и in font nullfont!
Missing character: There is no м in font nullfont!

Overfull \hbox (20.0pt too wide) in paragraph at lines 114--115
[]
 []

! Undefined control sequence.
<recently read> \ts 
                    
l.118 \ts
         {\ell,G_1(t_0,\tau)G_2(\tau,t)x} + \ts{\ell,\int\limits_t^\tau G_1(...
The control sequence at the end of the top line
of your error message was never \def'ed. If you have
misspelled it (e.g., `\hobx'), type `I' and the correct
spelling (e.g., `I\hbox'). Otherwise just continue,
and I'll forget about whatever was undefined.

! Undefined control sequence.
l.118 \ts{\ell,G_1(t_0,\tau)G_2(\tau,t)x} + \ts
                                               {\ell,\int\limits_t^\tau G_1(...
The control sequence at the end of the top line
of your error message was never \def'ed. If you have
misspelled it (e.g., `\hobx'), type `I' and the correct
spelling (e.g., `I\hbox'). Otherwise just continue,
and I'll forget about whatever was undefined.

! Undefined control sequence.
l.119 + \ts
           {\int\limits_\tau^{t_0}G(t_0,s)\left(B_1(s)u_1(s)+C_1(s)v_1(s)\ri...
The control sequence at the end of the top line
of your error message was never \def'ed. If you have
misspelled it (e.g., `\hobx'), type `I' and the correct
spelling (e.g., `I\hbox'). Otherwise just continue,
and I'll forget about whatever was undefined.

! Undefined control sequence.
l.119 ...(s)u_1(s)+C_1(s)v_1(s)\right)\,ds}+\mu\ts
                                                  {G_2(\tau,t)x+\int_t^\tau
The control sequence at the end of the top line
of your error message was never \def'ed. If you have
misspelled it (e.g., `\hobx'), type `I' and the correct
spelling (e.g., `I\hbox'). Otherwise just continue,
and I'll forget about whatever was undefined.

! Extra \right.
\rbrace ->\delimiter "5267309 
                              
l.122 \right\}
              
I'm ignoring a \right that had no matching \left.


Overfull \hbox (1068.03851pt too wide) detected at line 123
\OML/cmm/m/it/10 V\OT1/cmr/m/n/10 (\OML/cmm/m/it/10 t; x\OT1/cmr/m/n/10 ) = [] 
[] [] [] [] [] []\OMS/cmsy/m/n/10 f[] [] \OT1/cmr/m/n/10 + [] + []  + [] + \OML
/cmm/m/it/10 [] \OMS/cmsy/m/n/10   []    []   \OML/cmm/m/it/10 \OT1/cmr/m/n/1
0 (\OML/cmm/m/it/10 ` \OMS/cmsy/m/n/10 j X[]\OT1/cmr/m/n/10 ) \OMS/cmsy/m/n/10 
  []
 []

)
! Emergency stop.
<*> ...top/постановка/гибридные*системы/primer.tex
                                                  
*** (job aborted, no legal \end found)

 
Here is how much of TeX's memory you used:
 13 strings out of 495108
 289 string characters out of 3179900
 56575 words of memory out of 3000000
 3322 multiletter control sequences out of 15000+200000
 3640 words of font info for 14 fonts, out of 3000000 for 9000
 198 hyphenation exceptions out of 8191
 18i,4n,12p,289b,82s stack positions out of 5000i,500n,10000p,200000b,50000s
!  ==> Fatal error occurred, no output PDF file produced!
