This is pdfTeX, Version 3.1415926-1.40.10 (MiKTeX 2.8) (preloaded format=pdflatex 2009.12.1)  8 APR 2010 16:18
entering extended mode
**D:/Users/seliv/Desktop/гибридные*системы/repos1/task2.tex
("D:/Users/seliv/Desktop/гибридные системы/repos1/task2.tex"
LaTeX2e <2009/09/24>
Babel <v3.8l> and hyphenation patterns for english, dumylang, nohyphenation, ru
ssian, loaded.
("D:\Program Files\MiKTeX 2.8\tex\latex\base\article.cls"
Document Class: article 2007/10/19 v1.4h Standard LaTeX document class
("D:\Program Files\MiKTeX 2.8\tex\latex\base\size12.clo"
File: size12.clo 2007/10/19 v1.4h Standard LaTeX file (size option)
)
\c@part=\count79
\c@section=\count80
\c@subsection=\count81
\c@subsubsection=\count82
\c@paragraph=\count83
\c@subparagraph=\count84
\c@figure=\count85
\c@table=\count86
\abovecaptionskip=\skip41
\belowcaptionskip=\skip42
\bibindent=\dimen102
)
("D:\Program Files\MiKTeX 2.8\tex\latex\base\inputenc.sty"
Package: inputenc 2008/03/30 v1.1d Input encoding file
\inpenc@prehook=\toks14
\inpenc@posthook=\toks15

("D:\Program Files\MiKTeX 2.8\tex\latex\cyrillic\cp1251.def"
File: cp1251.def 1999/11/16 v1.0d Input encoding file
))
("D:\Program Files\MiKTeX 2.8\tex\generic\babel\babel.sty"
Package: babel 2008/07/06 v3.8l The Babel package

*************************************
* Local config file bblopts.cfg used
*
("D:\Program Files\MiKTeX 2.8\tex\latex\00miktex\bblopts.cfg"
File: bblopts.cfg 2006/07/31 v1.0 MiKTeX 'babel' configuration
)
("D:\Program Files\MiKTeX 2.8\tex\generic\babel\english.ldf"
Language: english 2005/03/30 v3.3o English support from the babel system

("D:\Program Files\MiKTeX 2.8\tex\generic\babel\babel.def"
File: babel.def 2008/07/06 v3.8l Babel common definitions
\babel@savecnt=\count87
\U@D=\dimen103
)
\l@canadian = a dialect from \language\l@american 
\l@australian = a dialect from \language\l@british 
\l@newzealand = a dialect from \language\l@british 
)
("D:\Program Files\MiKTeX 2.8\tex\generic\babel\russianb.ldf"
Language: russianb 2008/03/21 v1.1r Russian support from the babel system

("D:\Program Files\MiKTeX 2.8\tex\latex\cyrillic\t2aenc.def"
File: t2aenc.def 2005/09/27 v1.0i Cyrillic encoding definition file
)
Package babel Info: Making " an active character on input line 199.
))
("D:\Program Files\MiKTeX 2.8\tex\latex\cmap\cmap.sty"
Package: cmap 2008/03/06 v1.0h CMap support: searchable PDF
)
("D:\Users\seliv\Desktop\гибридные системы\repos1\mvkrep.sty"
\c@propose=\count88
\c@define=\count89
)
("D:\Program Files\MiKTeX 2.8\tex\latex\graphics\graphicx.sty"
Package: graphicx 1999/02/16 v1.0f Enhanced LaTeX Graphics (DPC,SPQR)

("D:\Program Files\MiKTeX 2.8\tex\latex\graphics\keyval.sty"
Package: keyval 1999/03/16 v1.13 key=value parser (DPC)
\KV@toks@=\toks16
)
("D:\Program Files\MiKTeX 2.8\tex\latex\graphics\graphics.sty"
Package: graphics 2009/02/05 v1.0o Standard LaTeX Graphics (DPC,SPQR)

("D:\Program Files\MiKTeX 2.8\tex\latex\graphics\trig.sty"
Package: trig 1999/03/16 v1.09 sin cos tan (DPC)
)
("D:\Program Files\MiKTeX 2.8\tex\latex\00miktex\graphics.cfg"
File: graphics.cfg 2007/01/18 v1.5 graphics configuration of teTeX/TeXLive
)
Package graphics Info: Driver file: dvips.def on input line 91.

("D:\Program Files\MiKTeX 2.8\tex\latex\graphics\dvips.def"
File: dvips.def 1999/02/16 v3.0i Driver-dependant file (DPC,SPQR)
))
\Gin@req@height=\dimen104
\Gin@req@width=\dimen105
)
("D:\Program Files\MiKTeX 2.8\tex\latex\amsfonts\amssymb.sty"
Package: amssymb 2009/06/22 v3.00

("D:\Program Files\MiKTeX 2.8\tex\latex\amsfonts\amsfonts.sty"
Package: amsfonts 2009/06/22 v3.00 Basic AMSFonts support
\@emptytoks=\toks17
\symAMSa=\mathgroup4
\symAMSb=\mathgroup5
LaTeX Font Info:    Overwriting math alphabet `\mathfrak' in version `bold'
(Font)                  U/euf/m/n --> U/euf/b/n on input line 96.
))
("D:\Program Files\MiKTeX 2.8\tex\latex\ams\math\amsmath.sty"
Package: amsmath 2000/07/18 v2.13 AMS math features
\@mathmargin=\skip43

For additional information on amsmath, use the `?' option.
("D:\Program Files\MiKTeX 2.8\tex\latex\ams\math\amstext.sty"
Package: amstext 2000/06/29 v2.01

("D:\Program Files\MiKTeX 2.8\tex\latex\ams\math\amsgen.sty"
File: amsgen.sty 1999/11/30 v2.0
\@emptytoks=\toks18
\ex@=\dimen106
))
("D:\Program Files\MiKTeX 2.8\tex\latex\ams\math\amsbsy.sty"
Package: amsbsy 1999/11/29 v1.2d
\pmbraise@=\dimen107
)
("D:\Program Files\MiKTeX 2.8\tex\latex\ams\math\amsopn.sty"
Package: amsopn 1999/12/14 v2.01 operator names
)
\inf@bad=\count90
LaTeX Info: Redefining \frac on input line 211.
\uproot@=\count91
\leftroot@=\count92
LaTeX Info: Redefining \overline on input line 307.
\classnum@=\count93
\DOTSCASE@=\count94
LaTeX Info: Redefining \ldots on input line 379.
LaTeX Info: Redefining \dots on input line 382.
LaTeX Info: Redefining \cdots on input line 467.
\Mathstrutbox@=\box26
\strutbox@=\box27
\big@size=\dimen108
LaTeX Font Info:    Redeclaring font encoding OML on input line 567.
LaTeX Font Info:    Redeclaring font encoding OMS on input line 568.
\macc@depth=\count95
\c@MaxMatrixCols=\count96
\dotsspace@=\muskip10
\c@parentequation=\count97
\dspbrk@lvl=\count98
\tag@help=\toks19
\row@=\count99
\column@=\count100
\maxfields@=\count101
\andhelp@=\toks20
\eqnshift@=\dimen109
\alignsep@=\dimen110
\tagshift@=\dimen111
\tagwidth@=\dimen112
\totwidth@=\dimen113
\lineht@=\dimen114
\@envbody=\toks21
\multlinegap=\skip44
\multlinetaggap=\skip45
\mathdisplay@stack=\toks22
LaTeX Info: Redefining \[ on input line 2666.
LaTeX Info: Redefining \] on input line 2667.
)
("D:\Program Files\MiKTeX 2.8\tex\latex\geometry\geometry.sty"
Package: geometry 2008/12/21 v4.2 Page Geometry

("D:\Program Files\MiKTeX 2.8\tex\generic\oberdiek\ifpdf.sty"
Package: ifpdf 2009/04/10 v2.0 Provides the ifpdf switch (HO)
Package ifpdf Info: pdfTeX in pdf mode detected.
)
("D:\Program Files\MiKTeX 2.8\tex\generic\oberdiek\ifvtex.sty"
Package: ifvtex 2008/11/04 v1.4 Switches for detecting VTeX and its modes (HO)
Package ifvtex Info: VTeX not detected.
)
\Gm@cnth=\count102
\Gm@cntv=\count103
\c@Gm@tempcnt=\count104
\Gm@bindingoffset=\dimen115
\Gm@wd@mp=\dimen116
\Gm@odd@mp=\dimen117
\Gm@even@mp=\dimen118
\Gm@dimlist=\toks23

("D:\Program Files\MiKTeX 2.8\tex\latex\geometry\geometry.cfg"))
("D:\Program Files\MiKTeX 2.8\tex\latex\graphics\color.sty"
Package: color 2005/11/14 v1.0j Standard LaTeX Color (DPC)

("D:\Program Files\MiKTeX 2.8\tex\latex\00miktex\color.cfg"
File: color.cfg 2007/01/18 v1.5 color configuration of teTeX/TeXLive
)
Package color Info: Driver file: pdftex.def on input line 130.

("D:\Program Files\MiKTeX 2.8\tex\latex\pdftex-def\pdftex.def"
File: pdftex.def 2009/08/25 v0.04m Graphics/color for pdfTeX
\Gread@gobject=\count105
))
("D:\Users\seliv\Desktop\гибридные системы\repos1\task2.aux"
LaTeX Font Info:    Try loading font information for T2A+cmr on input line 3.

("D:\Program Files\MiKTeX 2.8\tex\latex\cyrillic\t2acmr.fd"
File: t2acmr.fd 2001/08/11 v1.0a Computer Modern Cyrillic font definitions
)<<t2a.cmap>>)
LaTeX Font Info:    Checking defaults for OML/cmm/m/it on input line 19.
LaTeX Font Info:    ... okay on input line 19.
LaTeX Font Info:    Checking defaults for T1/cmr/m/n on input line 19.
LaTeX Font Info:    ... okay on input line 19.
LaTeX Font Info:    Checking defaults for OT1/cmr/m/n on input line 19.
LaTeX Font Info:    ... okay on input line 19.
LaTeX Font Info:    Checking defaults for OMS/cmsy/m/n on input line 19.
LaTeX Font Info:    ... okay on input line 19.
LaTeX Font Info:    Checking defaults for OMX/cmex/m/n on input line 19.
LaTeX Font Info:    ... okay on input line 19.
LaTeX Font Info:    Checking defaults for U/cmr/m/n on input line 19.
LaTeX Font Info:    ... okay on input line 19.
LaTeX Font Info:    Checking defaults for T2A/cmr/m/n on input line 19.
LaTeX Font Info:    ... okay on input line 19.

*geometry auto-detecting driver*
*geometry detected driver: pdftex*
-------------------- Geometry parameters
paper: a4paper
landscape: --
twocolumn: --
twoside: --
asymmetric: --
h-parts: 56.9055pt, 483.69687pt, 56.9055pt
v-parts: 56.9055pt, 731.23584pt, 56.9055pt
hmarginratio: --
vmarginratio: --
lines: --
heightrounded: --
bindingoffset: 0.0pt
truedimen: --
includehead: --
includefoot: --
includemp: --
driver: pdftex
-------------------- Page layout dimensions and switches
\paperwidth  597.50787pt
\paperheight 845.04684pt
\textwidth  483.69687pt
\textheight 731.23584pt
\oddsidemargin  -15.36449pt
\evensidemargin -15.36449pt
\topmargin  -52.36449pt
\headheight 12.0pt
\headsep    25.0pt
\footskip   30.0pt
\marginparwidth 35.0pt
\marginparsep   10.0pt
\columnsep  10.0pt
\skip\footins  10.8pt plus 4.0pt minus 2.0pt
\hoffset 0.0pt
\voffset 0.0pt
\mag 1000

(1in=72.27pt, 1cm=28.45pt)
-----------------------
("D:\Program Files\MiKTeX 2.8\tex\context\base\supp-pdf.tex"
[Loading MPS to PDF converter (version 2006.09.02).]
\scratchcounter=\count106
\scratchdimen=\dimen119
\scratchbox=\box28
\nofMPsegments=\count107
\nofMParguments=\count108
\everyMPshowfont=\toks24
\MPscratchCnt=\count109
\MPscratchDim=\dimen120
\MPnumerator=\count110
\everyMPtoPDFconversion=\toks25
) ("D:\Users\seliv\Desktop\гибридные системы\repos1\postanovka.tex"<<ot1.cmap>>
<<oml.cmap>><<oms.cmap>><<omx.cmap>>
LaTeX Font Info:    Try loading font information for U+msa on input line 6.

("D:\Program Files\MiKTeX 2.8\tex\latex\amsfonts\umsa.fd"
File: umsa.fd 2009/06/22 v3.00 AMS symbols A
)
LaTeX Font Info:    Try loading font information for U+msb on input line 6.

("D:\Program Files\MiKTeX 2.8\tex\latex\amsfonts\umsb.fd"
File: umsb.fd 2009/06/22 v3.00 AMS symbols B
))
("D:\Users\seliv\Desktop\гибридные системы\repos1\primer.tex" [1

{D:/Users/All Users/Application Data/MiKTeX/2.8/pdftex/config/pdftex.map}]
Overfull \hbox (21.17244pt too wide) in paragraph at lines 66--68
\OT1/cmr/m/n/12 [\OML/cmm/m/it/12 u[]\OT1/cmr/m/n/12 (\OMS/cmsy/m/n/12 \OT1/cm
r/m/n/12 ) \OMS/cmsy/m/n/12 2 P[]\OT1/cmr/m/n/12 ] \OMS/cmsy/m/n/12 ^ \OT1/cmr/
m/n/12 [\OML/cmm/m/it/12 u[]\OT1/cmr/m/n/12 (\OMS/cmsy/m/n/12 \OT1/cmr/m/n/12 
) \OMS/cmsy/m/n/12 2 P[]\OT1/cmr/m/n/12 ]$\T2A/cmr/m/n/12 . По-это-му спра-вед-
ли-во по-ло-жить $\OML/cmm/m/it/12 u\OT1/cmr/m/n/12 (\OML/cmm/m/it/12 t\OT1/cmr
/m/n/12 ) \OMS/cmsy/m/n/12 2 P\OT1/cmr/m/n/12 [\OMS/cmsy/m/n/12 T\OT1/cmr/m/n/1
2 ] = []\OMS/cmsy/m/n/12 fP[]\OT1/cmr/m/n/12 [\OMS/cmsy/m/n/12 T\OT1/cmr/m/n/12
 ]\OML/cmm/m/it/12 ; \OMS/cmsy/m/n/12 P[]\OT1/cmr/m/n/12 [\OMS/cmsy/m/n/12 T\OT
1/cmr/m/n/12 ]\OMS/cmsy/m/n/12 g$
 []

[2]
Overfull \hbox (5.20679pt too wide) detected at line 83
\OML/cmm/m/it/12 V\OT1/cmr/m/n/12 (\OML/cmm/m/it/12 t; x\OT1/cmr/m/n/12 ) = [] 
[] [] [] \OML/cmm/m/it/12 :
 []

[3] [4] [5]
Overfull \hbox (0.60507pt too wide) detected at line 228
[] []
 []

[6] ("D:\Users\seliv\Desktop\гибридные системы\repos1\sopr.tex"
<images/age0.pdf, id=40, 597.23125pt x 845.1575pt>
File: images/age0.pdf Graphic file (type pdf)
 <use images/age0.pdf>
<images/ale0.pdf, id=41, 597.23125pt x 845.1575pt>
File: images/ale0.pdf Graphic file (type pdf)
 <use images/ale0.pdf>

LaTeX Warning: `h' float specifier changed to `ht'.

[7]

LaTeX Warning: Reference `fun:f1n' on page 8 undefined on input line 46.

)) ("D:\Users\seliv\Desktop\гибридные системы\repos1\prim2p.tex"
! Missing $ inserted.
<inserted text> 
                $
l.4 $
     $
I've inserted a begin-math/end-math symbol since I think
you left one out. Proceed, with fingers crossed.

! Missing \endgroup inserted.
<inserted text> 
                \endgroup 
l.4 $
     $
I've inserted something that you may have forgotten.
(See the <inserted text> above.)
With luck, this will get me unwedged. But if you
really didn't forget anything, try typing `2' now; then
my insertion and my current dilemma will both disappear.

! Display math should end with $$.
<to be read again> 
                   \par 
l.4 $
     $
The `$' that I just saw supposedly matches a previous `$$'.
So I shall assume that you typed `$$' both times.


! LaTeX Error: \begin{document} ended by \end{propose}.

See the LaTeX manual or LaTeX Companion for explanation.
Type  H <return>  for immediate help.
 ...                                              
                                                  
l.7 \end{propose}
                 
Your command was ignored.
Type  I <command> <return>  to replace it with another command,
or  <return>  to continue without it.

! Extra \endgroup.
<recently read> \endgroup 
                          
l.7 \end{propose}
                 
Things are pretty mixed up, but I think the worst is over.

[8 <D:/Users/seliv/Desktop/гибридные системы/repos1/images/age0.pdf> <D:/Users/
seliv/Desktop/гибридные системы/repos1/images/ale0.pdf>] [9]
Overfull \hbox (2.98248pt too wide) in paragraph at lines 120--121
[]\T2A/cmr/m/it/12 Поскольку в урав-не-ни-ях при-ме-ров [] и [] фун-да-мен-таль
-ные мат-ри-цы $\OML/cmm/m/it/12 G\OT1/cmr/m/n/12 (\OML/cmm/m/it/12 t; t[]\OT1/
cmr/m/n/12 ) \OMS/cmsy/m/n/12  \OML/cmm/m/it/12 I$\T2A/cmr/m/it/12 ,
 []

[10] [11] [12]) [13] ("D:\Users\seliv\Desktop\гибридные системы\repos1\task2.au
x")

LaTeX Warning: There were undefined references.


LaTeX Warning: Label(s) may have changed. Rerun to get cross-references right.

 ) 
Here is how much of TeX's memory you used:
 3236 strings out of 495108
 40341 string characters out of 3179900
 104102 words of memory out of 3000000
 6324 multiletter control sequences out of 15000+200000
 20128 words of font info for 57 fonts, out of 3000000 for 9000
 198 hyphenation exceptions out of 8191
 27i,23n,24p,1052b,254s stack positions out of 5000i,500n,10000p,200000b,50000s
 <D:\Users\seliv\Local Settings\Application Data\MiKTeX\2.8\fonts\pk\ljfour\l
h\lh-t2a\dpi600\labi1200.pk> <D:\Users\seliv\Local Settings\Application Data\Mi
KTeX\2.8\fonts\pk\ljfour\lh\lh-t2a\dpi600\larm0800.pk> <D:\Users\seliv\Local Se
ttings\Application Data\MiKTeX\2.8\fonts\pk\ljfour\lh\lh-t2a\dpi600\labx0800.pk
> <D:\Users\seliv\Local Settings\Application Data\MiKTeX\2.8\fonts\pk\ljfour\lh
\lh-t2a\dpi600\labx1440.pk> <D:\Users\seliv\Local Settings\Application Data\MiK
TeX\2.8\fonts\pk\ljfour\lh\lh-t2a\dpi600\lati1200.pk> <D:\Users\seliv\Local Set
tings\Application Data\MiKTeX\2.8\fonts\pk\ljfour\lh\lh-t2a\dpi600\labx1200.pk>
 <D:\Users\seliv\Local Settings\Application Data\MiKTeX\2.8\fonts\pk\ljfour\unk
nown\unknown\dpi600\larm1200.pk> <D:\Users\seliv\Local Settings\Application Dat
a\MiKTeX\2.8\fonts\pk\ljfour\lh\lh-t2a\dpi600\labx1728.pk><D:/Program Files/MiK
TeX 2.8/fonts/type1/public/amsfonts/cm/cmex10.pfb><D:/Program Files/MiKTeX 2.8/
fonts/type1/public/amsfonts/cm/cmmi12.pfb><D:/Program Files/MiKTeX 2.8/fonts/ty
pe1/public/amsfonts/cm/cmmi6.pfb><D:/Program Files/MiKTeX 2.8/fonts/type1/publi
c/amsfonts/cm/cmmi8.pfb><D:/Program Files/MiKTeX 2.8/fonts/type1/public/amsfont
s/cm/cmr10.pfb><D:/Program Files/MiKTeX 2.8/fonts/type1/public/amsfonts/cm/cmr1
2.pfb><D:/Program Files/MiKTeX 2.8/fonts/type1/public/amsfonts/cm/cmr6.pfb><D:/
Program Files/MiKTeX 2.8/fonts/type1/public/amsfonts/cm/cmr8.pfb><D:/Program Fi
les/MiKTeX 2.8/fonts/type1/public/amsfonts/cm/cmsy10.pfb><D:/Program Files/MiKT
eX 2.8/fonts/type1/public/amsfonts/cm/cmsy8.pfb><D:/Program Files/MiKTeX 2.8/fo
nts/type1/public/amsfonts/symbols/msam10.pfb><D:/Program Files/MiKTeX 2.8/fonts
/type1/public/amsfonts/symbols/msbm10.pfb>
Output written on task2.pdf (13 pages, 271819 bytes).
PDF statistics:
 376 PDF objects out of 1000 (max. 8388607)
 0 named destinations out of 1000 (max. 500000)
 31 words of extra memory for PDF output out of 10000 (max. 10000000)

